<?xml version="1.0" encoding="UTF-8"?>
<!-- Generated by org.testng.reporters.JUnitXMLReporter -->
<testsuite hostname="Abu-PC" name="dubizzle classified chrome Test" tests="1" failures="1" timestamp="5 Mar 2017 20:11:17 GMT" time="13.423" errors="0">
  <testcase name="searchResultSorting" time="0.228" classname="test.com.dubizzle.aut.testcase.DubizzleSearchResultTest">
    <failure type="java.lang.AssertionError" message="[FAILED] &amp;apos;Motors-Used Cars for sale&amp;apos; Page Not Displayed expected [dubizzle Dubai | Motors and Cars Classifieds in Dubai, UAE] but found [dubizzle Dubai Classifieds - Best place to rent a property, sell a car or find a job in Dubai]">
      <![CDATA[java.lang.AssertionError: [FAILED] 'Motors-Used Cars for sale' Page Not Displayed expected [dubizzle Dubai | Motors and Cars Classifieds in Dubai, UAE] but found [dubizzle Dubai Classifieds - Best place to rent a property, sell a car or find a job in Dubai]
	at test.com.dubizzle.aut.testcase.DubizzleSearchResultTest.searchResultSorting(DubizzleSearchResultTest.java:70)
... Removed 28 stack frames]]>
    </failure>
  </testcase> <!-- searchResultSorting -->
</testsuite> <!-- dubizzle classified chrome Test -->
