<?xml version="1.0" encoding="UTF-8"?>
<!-- Generated by org.testng.reporters.JUnitXMLReporter -->
<testsuite hostname="Abu-PC" name="Dubizzle Test" tests="2" failures="0" timestamp="5 Mar 2017 19:14:09 GMT" time="23.888" errors="0">
  <testcase name="userAPIResponseTest" time="9.833" classname="test.com.dubizzle.aut.testcase.DubizzleUserAPITest"/>
  <testcase name="repoAPIResponseTest" time="12.193" classname="test.com.dubizzle.aut.testcase.DubizzleRepoAPITest"/>
</testsuite> <!-- Dubizzle Test -->
