<?xml version="1.0" encoding="UTF-8"?>
<testsuite xmlns:xsi="http://www.w3.org/2001/XMLSchema-instance" xsi:schemaLocation="https://maven.apache.org/surefire/maven-surefire-plugin/xsd/surefire-test-report.xsd" name="TestSuite" time="70.147" tests="3" errors="0" skipped="0" failures="0">
  <properties>
[...]
</properties>
  <testcase name="searchResultSorting" classname="test.com.dubizzle.aut.testcase.DubizzleSearchResultTest" time="35.678"/>
  <testcase name="userAPIResponseTest" classname="test.com.dubizzle.aut.testcase.DubizzleUserAPITest" time="8.367"/>
  <testcase name="repoAPIResponseTest" classname="test.com.dubizzle.aut.testcase.DubizzleRepoAPITest" time="9.261"/>
</testsuite>