<?xml version="1.0" encoding="UTF-8"?>
<!-- Generated by org.testng.reporters.JUnitXMLReporter -->
<testsuite hostname="Abu-PC" name="Dubizzle API Test" tests="2" failures="0" timestamp="5 Mar 2017 20:19:16 GMT" time="17.628" errors="0">
  <testcase name="userAPIResponseTest" time="8.362" classname="test.com.dubizzle.aut.testcase.DubizzleUserAPITest"/>
  <testcase name="repoAPIResponseTest" time="9.264" classname="test.com.dubizzle.aut.testcase.DubizzleRepoAPITest"/>
</testsuite> <!-- Dubizzle API Test -->
